Namespace(chains=16, iters=50000, test=False, use_discrete_data=True)
Iteration:     1 / 50000 [  0%]  (Warmup) (Chain 14)
Iteration:     1 / 50000 [  0%]  (Warmup) (Chain 0)
Iteration:     1 / 50000 [  0%]  (Warmup) (Chain 5)
Iteration:     1 / 50000 [  0%]  (Warmup) (Chain 1)
Iteration:     1 / 50000 [  0%]  (Warmup) (Chain 9)
Iteration:     1 / 50000 [  0%]  (Warmup) (Chain 15)
Iteration:     1 / 50000 [  0%]  (Warmup) (Chain 2)
Iteration:     1 / 50000 [  0%]  (Warmup) (Chain 6)
Iteration:     1 / 50000 [  0%]  (Warmup) (Chain 3)
Iteration:     1 / 50000 [  0%]  (Warmup) (Chain 10)
Iteration:     1 / 50000 [  0%]  (Warmup) (Chain 13)
Iteration:     1 / 50000 [  0%]  (Warmup) (Chain 4)
Iteration:     1 / 50000 [  0%]  (Warmup) (Chain 7)
Iteration:     1 / 50000 [  0%]  (Warmup) (Chain 8)
Iteration:     1 / 50000 [  0%]  (Warmup) (Chain 11)
Iteration:     1 / 50000 [  0%]  (Warmup) (Chain 12)
Iteration:  5000 / 50000 [ 10%]  (Warmup) (Chain 2)
Iteration:  5000 / 50000 [ 10%]  (Warmup) (Chain 3)
Iteration:  5000 / 50000 [ 10%]  (Warmup) (Chain 15)
Iteration:  5000 / 50000 [ 10%]  (Warmup) (Chain 8)
Iteration:  5000 / 50000 [ 10%]  (Warmup) (Chain 12)
Iteration:  5000 / 50000 [ 10%]  (Warmup) (Chain 13)
Iteration:  5000 / 50000 [ 10%]  (Warmup) (Chain 5)
Iteration:  5000 / 50000 [ 10%]  (Warmup) (Chain 7)
Iteration:  5000 / 50000 [ 10%]  (Warmup) (Chain 9)
Iteration:  5000 / 50000 [ 10%]  (Warmup) (Chain 4)
Iteration:  5000 / 50000 [ 10%]  (Warmup) (Chain 6)
Iteration:  5000 / 50000 [ 10%]  (Warmup) (Chain 1)
Iteration:  5000 / 50000 [ 10%]  (Warmup) (Chain 0)
Iteration:  5000 / 50000 [ 10%]  (Warmup) (Chain 14)
Iteration:  5000 / 50000 [ 10%]  (Warmup) (Chain 11)
Iteration:  5000 / 50000 [ 10%]  (Warmup) (Chain 10)
Iteration: 10000 / 50000 [ 20%]  (Warmup) (Chain 12)
Iteration: 10000 / 50000 [ 20%]  (Warmup) (Chain 9)
Iteration: 10000 / 50000 [ 20%]  (Warmup) (Chain 1)
Iteration: 10000 / 50000 [ 20%]  (Warmup) (Chain 7)
Iteration: 10000 / 50000 [ 20%]  (Warmup) (Chain 2)
Iteration: 10000 / 50000 [ 20%]  (Warmup) (Chain 5)
Iteration: 10000 / 50000 [ 20%]  (Warmup) (Chain 3)
Iteration: 10000 / 50000 [ 20%]  (Warmup) (Chain 4)
Iteration: 10000 / 50000 [ 20%]  (Warmup) (Chain 15)
Iteration: 10000 / 50000 [ 20%]  (Warmup) (Chain 11)
Iteration: 10000 / 50000 [ 20%]  (Warmup) (Chain 8)
Iteration: 10000 / 50000 [ 20%]  (Warmup) (Chain 14)
Iteration: 10000 / 50000 [ 20%]  (Warmup) (Chain 6)
Iteration: 10000 / 50000 [ 20%]  (Warmup) (Chain 0)
Iteration: 10000 / 50000 [ 20%]  (Warmup) (Chain 13)
Iteration: 10000 / 50000 [ 20%]  (Warmup) (Chain 10)
Iteration: 15000 / 50000 [ 30%]  (Warmup) (Chain 12)
Iteration: 15000 / 50000 [ 30%]  (Warmup) (Chain 9)
Iteration: 15000 / 50000 [ 30%]  (Warmup) (Chain 11)
Iteration: 15000 / 50000 [ 30%]  (Warmup) (Chain 1)
Iteration: 15000 / 50000 [ 30%]  (Warmup) (Chain 7)
Iteration: 15000 / 50000 [ 30%]  (Warmup) (Chain 3)
Iteration: 15000 / 50000 [ 30%]  (Warmup) (Chain 4)
Iteration: 15000 / 50000 [ 30%]  (Warmup) (Chain 5)
Iteration: 15000 / 50000 [ 30%]  (Warmup) (Chain 2)
Iteration: 15000 / 50000 [ 30%]  (Warmup) (Chain 14)
Iteration: 15000 / 50000 [ 30%]  (Warmup) (Chain 8)
Iteration: 15000 / 50000 [ 30%]  (Warmup) (Chain 0)
Iteration: 15000 / 50000 [ 30%]  (Warmup) (Chain 15)
Iteration: 15000 / 50000 [ 30%]  (Warmup) (Chain 13)
Iteration: 15000 / 50000 [ 30%]  (Warmup) (Chain 6)
Iteration: 15000 / 50000 [ 30%]  (Warmup) (Chain 10)
Iteration: 20000 / 50000 [ 40%]  (Warmup) (Chain 12)
Iteration: 20000 / 50000 [ 40%]  (Warmup) (Chain 9)
Iteration: 20000 / 50000 [ 40%]  (Warmup) (Chain 11)
Iteration: 20000 / 50000 [ 40%]  (Warmup) (Chain 1)
Iteration: 20000 / 50000 [ 40%]  (Warmup) (Chain 7)
Iteration: 20000 / 50000 [ 40%]  (Warmup) (Chain 3)
Iteration: 20000 / 50000 [ 40%]  (Warmup) (Chain 4)
Iteration: 20000 / 50000 [ 40%]  (Warmup) (Chain 5)
Iteration: 20000 / 50000 [ 40%]  (Warmup) (Chain 2)
Iteration: 20000 / 50000 [ 40%]  (Warmup) (Chain 13)
Iteration: 20000 / 50000 [ 40%]  (Warmup) (Chain 14)
Iteration: 20000 / 50000 [ 40%]  (Warmup) (Chain 8)
Iteration: 20000 / 50000 [ 40%]  (Warmup) (Chain 15)
Iteration: 20000 / 50000 [ 40%]  (Warmup) (Chain 0)
Iteration: 20000 / 50000 [ 40%]  (Warmup) (Chain 6)
Iteration: 20000 / 50000 [ 40%]  (Warmup) (Chain 10)
Iteration: 25000 / 50000 [ 50%]  (Warmup) (Chain 12)
Iteration: 25001 / 50000 [ 50%]  (Sampling) (Chain 12)
Iteration: 25000 / 50000 [ 50%]  (Warmup) (Chain 9)
Iteration: 25001 / 50000 [ 50%]  (Sampling) (Chain 9)
Iteration: 25000 / 50000 [ 50%]  (Warmup) (Chain 11)
Iteration: 25001 / 50000 [ 50%]  (Sampling) (Chain 11)
Iteration: 25000 / 50000 [ 50%]  (Warmup) (Chain 1)
Iteration: 25001 / 50000 [ 50%]  (Sampling) (Chain 1)
Iteration: 25000 / 50000 [ 50%]  (Warmup) (Chain 7)
Iteration: 25001 / 50000 [ 50%]  (Sampling) (Chain 7)
Iteration: 25000 / 50000 [ 50%]  (Warmup) (Chain 3)
Iteration: 25001 / 50000 [ 50%]  (Sampling) (Chain 3)
Iteration: 25000 / 50000 [ 50%]  (Warmup) (Chain 5)
Iteration: 25000 / 50000 [ 50%]  (Warmup) (Chain 14)
Iteration: 25001 / 50000 [ 50%]  (Sampling) (Chain 5)
Iteration: 25001 / 50000 [ 50%]  (Sampling) (Chain 14)
Iteration: 25000 / 50000 [ 50%]  (Warmup) (Chain 4)
Iteration: 25001 / 50000 [ 50%]  (Sampling) (Chain 4)
Iteration: 25000 / 50000 [ 50%]  (Warmup) (Chain 2)
Iteration: 25001 / 50000 [ 50%]  (Sampling) (Chain 2)
Iteration: 25000 / 50000 [ 50%]  (Warmup) (Chain 8)
Iteration: 25001 / 50000 [ 50%]  (Sampling) (Chain 8)
Iteration: 25000 / 50000 [ 50%]  (Warmup) (Chain 13)
Iteration: 25001 / 50000 [ 50%]  (Sampling) (Chain 13)
Iteration: 25000 / 50000 [ 50%]  (Warmup) (Chain 15)
Iteration: 25001 / 50000 [ 50%]  (Sampling) (Chain 15)
Iteration: 25000 / 50000 [ 50%]  (Warmup) (Chain 0)
Iteration: 25001 / 50000 [ 50%]  (Sampling) (Chain 0)
Iteration: 25000 / 50000 [ 50%]  (Warmup) (Chain 6)
Iteration: 25001 / 50000 [ 50%]  (Sampling) (Chain 6)
Iteration: 25000 / 50000 [ 50%]  (Warmup) (Chain 10)
Iteration: 25001 / 50000 [ 50%]  (Sampling) (Chain 10)
Iteration: 30000 / 50000 [ 60%]  (Sampling) (Chain 12)
Iteration: 30000 / 50000 [ 60%]  (Sampling) (Chain 11)
Iteration: 30000 / 50000 [ 60%]  (Sampling) (Chain 9)
Iteration: 30000 / 50000 [ 60%]  (Sampling) (Chain 1)
Iteration: 30000 / 50000 [ 60%]  (Sampling) (Chain 7)
Iteration: 30000 / 50000 [ 60%]  (Sampling) (Chain 3)
Iteration: 30000 / 50000 [ 60%]  (Sampling) (Chain 14)
Iteration: 30000 / 50000 [ 60%]  (Sampling) (Chain 4)
Iteration: 30000 / 50000 [ 60%]  (Sampling) (Chain 5)
Iteration: 30000 / 50000 [ 60%]  (Sampling) (Chain 2)
Iteration: 30000 / 50000 [ 60%]  (Sampling) (Chain 8)
Iteration: 30000 / 50000 [ 60%]  (Sampling) (Chain 13)
Iteration: 30000 / 50000 [ 60%]  (Sampling) (Chain 0)
Iteration: 30000 / 50000 [ 60%]  (Sampling) (Chain 15)
Iteration: 30000 / 50000 [ 60%]  (Sampling) (Chain 10)
Iteration: 30000 / 50000 [ 60%]  (Sampling) (Chain 6)
