Namespace(MODEL='model.stan', chains=16, iters=20000, test=False)
Iteration:     1 / 20000 [  0%]  (Warmup) (Chain 12)
Iteration:     1 / 20000 [  0%]  (Warmup) (Chain 15)
Iteration:  2000 / 20000 [ 10%]  (Warmup) (Chain 12)
Iteration:  2000 / 20000 [ 10%]  (Warmup) (Chain 15)
Iteration:  4000 / 20000 [ 20%]  (Warmup) (Chain 12)
Iteration:  4000 / 20000 [ 20%]  (Warmup) (Chain 15)
Iteration:  6000 / 20000 [ 30%]  (Warmup) (Chain 12)
Iteration:  6000 / 20000 [ 30%]  (Warmup) (Chain 15)
Iteration:  8000 / 20000 [ 40%]  (Warmup) (Chain 12)
Iteration:  8000 / 20000 [ 40%]  (Warmup) (Chain 15)
Iteration: 10000 / 20000 [ 50%]  (Warmup) (Chain 12)
Iteration: 10001 / 20000 [ 50%]  (Sampling) (Chain 12)
Iteration: 10000 / 20000 [ 50%]  (Warmup) (Chain 15)
Iteration: 10001 / 20000 [ 50%]  (Sampling) (Chain 15)
Iteration: 12000 / 20000 [ 60%]  (Sampling) (Chain 12)
Iteration: 12000 / 20000 [ 60%]  (Sampling) (Chain 15)
Iteration: 14000 / 20000 [ 70%]  (Sampling) (Chain 15)
Iteration: 14000 / 20000 [ 70%]  (Sampling) (Chain 12)
Iteration: 16000 / 20000 [ 80%]  (Sampling) (Chain 15)
Iteration: 16000 / 20000 [ 80%]  (Sampling) (Chain 12)
Iteration: 18000 / 20000 [ 90%]  (Sampling) (Chain 15)
Iteration: 20000 / 20000 [100%]  (Sampling) (Chain 15)
# 
#  Elapsed Time: 45544.7 seconds (Warm-up)
#                110693 seconds (Sampling)
#                156238 seconds (Total)
# 
