DIAGNOSTIC(S) FROM PARSER:
Warning (non-fatal): assignment operator <- deprecated in the Stan language; use = instead.

INFO:pystan:COMPILING THE C++ CODE FOR MODEL anon_model_09a86879dd91346335f8a225b05da989 NOW.
Informational Message: The current Metropolis proposal is about to be rejected because of the following issue:
Exception thrown at line 28: gamma_log: Shape parameter[1] is 0, but must be > 0!
If this warning occurs sporadically, such as for highly constrained variable types like covariance matrices, then the sampler is fine,
but if this warning occurs often then your model may be either severely ill-conditioned or misspecified.

Informational Message: The current Metropolis proposal is about to be rejected because of the following issue:
Exception thrown at line 28: gamma_log: Shape parameter[8] is 0, but must be > 0!
If this warning occurs sporadically, such as for highly constrained variable types like covariance matrices, then the sampler is fine,
but if this warning occurs often then your model may be either severely ill-conditioned or misspecified.

Informational Message: The current Metropolis proposal is about to be rejected because of the following issue:
Exception thrown at line 28: gamma_log: Shape parameter[10] is 0, but must be > 0!
If this warning occurs sporadically, such as for highly constrained variable types like covariance matrices, then the sampler is fine,
but if this warning occurs often then your model may be either severely ill-conditioned or misspecified.

Informational Message: The current Metropolis proposal is about to be rejected because of the following issue:
Exception thrown at line 28: gamma_log: Shape parameter[4] is 0, but must be > 0!
If this warning occurs sporadically, such as for highly constrained variable types like covariance matrices, then the sampler is fine,
but if this warning occurs often then your model may be either severely ill-conditioned or misspecified.

Informational Message: The current Metropolis proposal is about to be rejected because of the following issue:
Exception thrown at line 28: gamma_log: Shape parameter[2] is 0, but must be > 0!
If this warning occurs sporadically, such as for highly constrained variable types like covariance matrices, then the sampler is fine,
but if this warning occurs often then your model may be either severely ill-conditioned or misspecified.

Informational Message: The current Metropolis proposal is about to be rejected because of the following issue:
Exception thrown at line 28: gamma_log: Shape parameter[1] is 0, but must be > 0!
If this warning occurs sporadically, such as for highly constrained variable types like covariance matrices, then the sampler is fine,
but if this warning occurs often then your model may be either severely ill-conditioned or misspecified.

Informational Message: The current Metropolis proposal is about to be rejected because of the following issue:
Exception thrown at line 28: gamma_log: Shape parameter[3] is 0, but must be > 0!
If this warning occurs sporadically, such as for highly constrained variable types like covariance matrices, then the sampler is fine,
but if this warning occurs often then your model may be either severely ill-conditioned or misspecified.

Informational Message: The current Metropolis proposal is about to be rejected because of the following issue:
Exception thrown at line 28: gamma_log: Shape parameter[1] is 0, but must be > 0!
If this warning occurs sporadically, such as for highly constrained variable types like covariance matrices, then the sampler is fine,
but if this warning occurs often then your model may be either severely ill-conditioned or misspecified.

Informational Message: The current Metropolis proposal is about to be rejected because of the following issue:
Exception thrown at line 28: gamma_log: Shape parameter[8] is 0, but must be > 0!
If this warning occurs sporadically, such as for highly constrained variable types like covariance matrices, then the sampler is fine,
but if this warning occurs often then your model may be either severely ill-conditioned or misspecified.

Informational Message: The current Metropolis proposal is about to be rejected because of the following issue:
Exception thrown at line 28: gamma_log: Shape parameter[3] is 0, but must be > 0!
If this warning occurs sporadically, such as for highly constrained variable types like covariance matrices, then the sampler is fine,
but if this warning occurs often then your model may be either severely ill-conditioned or misspecified.

Informational Message: The current Metropolis proposal is about to be rejected because of the following issue:Informational Message: The current Metropolis proposal is about to be rejected because of the following issue:

Exception thrown at line 28: gamma_log: Shape parameter[10] is 0, but must be > 0!Exception thrown at line 28: gamma_log: Shape parameter[9] is 0, but must be > 0!

If this warning occurs sporadically, such as for highly constrained variable types like covariance matrices, then the sampler is fine,If this warning occurs sporadically, such as for highly constrained variable types like covariance matrices, then the sampler is fine,

but if this warning occurs often then your model may be either severely ill-conditioned or misspecified.but if this warning occurs often then your model may be either severely ill-conditioned or misspecified.



Informational Message: The current Metropolis proposal is about to be rejected because of the following issue:
Exception thrown at line 28: gamma_log: Shape parameter[4] is 0, but must be > 0!
If this warning occurs sporadically, such as for highly constrained variable types like covariance matrices, then the sampler is fine,
but if this warning occurs often then your model may be either severely ill-conditioned or misspecified.

Informational Message: The current Metropolis proposal is about to be rejected because of the following issue:
Exception thrown at line 28: gamma_log: Shape parameter[2] is 0, but must be > 0!
If this warning occurs sporadically, such as for highly constrained variable types like covariance matrices, then the sampler is fine,
but if this warning occurs often then your model may be either severely ill-conditioned or misspecified.

Informational Message: The current Metropolis proposal is about to be rejected because of the following issue:
Exception thrown at line 28: gamma_log: Shape parameter[3] is 0, but must be > 0!
If this warning occurs sporadically, such as for highly constrained variable types like covariance matrices, then the sampler is fine,
but if this warning occurs often then your model may be either severely ill-conditioned or misspecified.

Informational Message: The current Metropolis proposal is about to be rejected because of the following issue:
Exception thrown at line 28: gamma_log: Shape parameter[1] is 0, but must be > 0!
If this warning occurs sporadically, such as for highly constrained variable types like covariance matrices, then the sampler is fine,
but if this warning occurs often then your model may be either severely ill-conditioned or misspecified.

Informational Message: The current Metropolis proposal is about to be rejected because of the following issue:
Exception thrown at line 28: gamma_log: Shape parameter[1] is 0, but must be > 0!
If this warning occurs sporadically, such as for highly constrained variable types like covariance matrices, then the sampler is fine,
but if this warning occurs often then your model may be either severely ill-conditioned or misspecified.

Informational Message: The current Metropolis proposal is about to be rejected because of the following issue:
Exception thrown at line 28: gamma_log: Shape parameter[9] is 0, but must be > 0!
If this warning occurs sporadically, such as for highly constrained variable types like covariance matrices, then the sampler is fine,
but if this warning occurs often then your model may be either severely ill-conditioned or misspecified.

Informational Message: The current Metropolis proposal is about to be rejected because of the following issue:
Exception thrown at line 28: gamma_log: Shape parameter[3] is 0, but must be > 0!
If this warning occurs sporadically, such as for highly constrained variable types like covariance matrices, then the sampler is fine,
but if this warning occurs often then your model may be either severely ill-conditioned or misspecified.

Informational Message: The current Metropolis proposal is about to be rejected because of the following issue:
Exception thrown at line 28: gamma_log: Shape parameter[9] is 0, but must be > 0!
If this warning occurs sporadically, such as for highly constrained variable types like covariance matrices, then the sampler is fine,
but if this warning occurs often then your model may be either severely ill-conditioned or misspecified.

Informational Message: The current Metropolis proposal is about to be rejected because of the following issue:
Exception thrown at line 28: gamma_log: Shape parameter[10] is 0, but must be > 0!
If this warning occurs sporadically, such as for highly constrained variable types like covariance matrices, then the sampler is fine,
but if this warning occurs often then your model may be either severely ill-conditioned or misspecified.

Informational Message: The current Metropolis proposal is about to be rejected because of the following issue:
Exception thrown at line 28: gamma_log: Shape parameter[4] is 0, but must be > 0!
If this warning occurs sporadically, such as for highly constrained variable types like covariance matrices, then the sampler is fine,
but if this warning occurs often then your model may be either severely ill-conditioned or misspecified.

Informational Message: The current Metropolis proposal is about to be rejected because of the following issue:
Exception thrown at line 28: gamma_log: Shape parameter[7] is 0, but must be > 0!
If this warning occurs sporadically, such as for highly constrained variable types like covariance matrices, then the sampler is fine,
but if this warning occurs often then your model may be either severely ill-conditioned or misspecified.

Informational Message: The current Metropolis proposal is about to be rejected because of the following issue:
Exception thrown at line 28: gamma_log: Shape parameter[3] is 0, but must be > 0!
If this warning occurs sporadically, such as for highly constrained variable types like covariance matrices, then the sampler is fine,
but if this warning occurs often then your model may be either severely ill-conditioned or misspecified.

Informational Message: The current Metropolis proposal is about to be rejected because of the following issue:
Exception thrown at line 28: gamma_log: Shape parameter[1] is 0, but must be > 0!
If this warning occurs sporadically, such as for highly constrained variable types like covariance matrices, then the sampler is fine,
but if this warning occurs often then your model may be either severely ill-conditioned or misspecified.

Informational Message: The current Metropolis proposal is about to be rejected because of the following issue:
Exception thrown at line 28: gamma_log: Shape parameter[1] is 0, but must be > 0!
If this warning occurs sporadically, such as for highly constrained variable types like covariance matrices, then the sampler is fine,
but if this warning occurs often then your model may be either severely ill-conditioned or misspecified.

Informational Message: The current Metropolis proposal is about to be rejected because of the following issue:
Exception thrown at line 28: gamma_log: Shape parameter[10] is 0, but must be > 0!
If this warning occurs sporadically, such as for highly constrained variable types like covariance matrices, then the sampler is fine,
but if this warning occurs often then your model may be either severely ill-conditioned or misspecified.

Informational Message: The current Metropolis proposal is about to be rejected because of the following issue:
Exception thrown at line 28: gamma_log: Shape parameter[39] is 0, but must be > 0!
If this warning occurs sporadically, such as for highly constrained variable types like covariance matrices, then the sampler is fine,
but if this warning occurs often then your model may be either severely ill-conditioned or misspecified.

Informational Message: The current Metropolis proposal is about to be rejected because of the following issue:
Exception thrown at line 28: gamma_log: Shape parameter[1] is 0, but must be > 0!
If this warning occurs sporadically, such as for highly constrained variable types like covariance matrices, then the sampler is fine,
but if this warning occurs often then your model may be either severely ill-conditioned or misspecified.

Informational Message: The current Metropolis proposal is about to be rejected because of the following issue:
Exception thrown at line 28: gamma_log: Shape parameter[1] is 0, but must be > 0!
If this warning occurs sporadically, such as for highly constrained variable types like covariance matrices, then the sampler is fine,
but if this warning occurs often then your model may be either severely ill-conditioned or misspecified.

Informational Message: The current Metropolis proposal is about to be rejected because of the following issue:
Exception thrown at line 28: gamma_log: Shape parameter[1] is 0, but must be > 0!
If this warning occurs sporadically, such as for highly constrained variable types like covariance matrices, then the sampler is fine,
but if this warning occurs often then your model may be either severely ill-conditioned or misspecified.

Informational Message: The current Metropolis proposal is about to be rejected because of the following issue:
Exception thrown at line 28: gamma_log: Shape parameter[4] is 0, but must be > 0!
If this warning occurs sporadically, such as for highly constrained variable types like covariance matrices, then the sampler is fine,
but if this warning occurs often then your model may be either severely ill-conditioned or misspecified.

Informational Message: The current Metropolis proposal is about to be rejected because of the following issue:
Exception thrown at line 28: gamma_log: Shape parameter[1] is 0, but must be > 0!
If this warning occurs sporadically, such as for highly constrained variable types like covariance matrices, then the sampler is fine,
but if this warning occurs often then your model may be either severely ill-conditioned or misspecified.

Informational Message: The current Metropolis proposal is about to be rejected because of the following issue:
Exception thrown at line 28: gamma_log: Shape parameter[1] is 0, but must be > 0!
If this warning occurs sporadically, such as for highly constrained variable types like covariance matrices, then the sampler is fine,
but if this warning occurs often then your model may be either severely ill-conditioned or misspecified.

Informational Message: The current Metropolis proposal is about to be rejected because of the following issue:
Exception thrown at line 28: gamma_log: Shape parameter[14] is 0, but must be > 0!
If this warning occurs sporadically, such as for highly constrained variable types like covariance matrices, then the sampler is fine,
but if this warning occurs often then your model may be either severely ill-conditioned or misspecified.

Informational Message: The current Metropolis proposal is about to be rejected because of the following issue:
Exception thrown at line 28: gamma_log: Shape parameter[2] is 0, but must be > 0!
If this warning occurs sporadically, such as for highly constrained variable types like covariance matrices, then the sampler is fine,
but if this warning occurs often then your model may be either severely ill-conditioned or misspecified.

Informational Message: The current Metropolis proposal is about to be rejected because of the following issue:
Exception thrown at line 28: gamma_log: Shape parameter[1] is 0, but must be > 0!
If this warning occurs sporadically, such as for highly constrained variable types like covariance matrices, then the sampler is fine,
but if this warning occurs often then your model may be either severely ill-conditioned or misspecified.

Informational Message: The current Metropolis proposal is about to be rejected because of the following issue:
Exception thrown at line 28: gamma_log: Shape parameter[4] is 0, but must be > 0!
If this warning occurs sporadically, such as for highly constrained variable types like covariance matrices, then the sampler is fine,
but if this warning occurs often then your model may be either severely ill-conditioned or misspecified.

Informational Message: The current Metropolis proposal is about to be rejected because of the following issue:
Exception thrown at line 28: gamma_log: Shape parameter[1] is 0, but must be > 0!
If this warning occurs sporadically, such as for highly constrained variable types like covariance matrices, then the sampler is fine,
but if this warning occurs often then your model may be either severely ill-conditioned or misspecified.

Informational Message: The current Metropolis proposal is about to be rejected because of the following issue:
Exception thrown at line 28: gamma_log: Shape parameter[37] is 0, but must be > 0!
If this warning occurs sporadically, such as for highly constrained variable types like covariance matrices, then the sampler is fine,
but if this warning occurs often then your model may be either severely ill-conditioned or misspecified.

Informational Message: The current Metropolis proposal is about to be rejected because of the following issue:
Exception thrown at line 28: gamma_log: Shape parameter[2] is 0, but must be > 0!
If this warning occurs sporadically, such as for highly constrained variable types like covariance matrices, then the sampler is fine,
but if this warning occurs often then your model may be either severely ill-conditioned or misspecified.

Informational Message: The current Metropolis proposal is about to be rejected because of the following issue:
Exception thrown at line 28: gamma_log: Shape parameter[9] is 0, but must be > 0!
If this warning occurs sporadically, such as for highly constrained variable types like covariance matrices, then the sampler is fine,
but if this warning occurs often then your model may be either severely ill-conditioned or misspecified.

Informational Message: The current Metropolis proposal is about to be rejected because of the following issue:
Exception thrown at line 28: gamma_log: Shape parameter[5] is 0, but must be > 0!
If this warning occurs sporadically, such as for highly constrained variable types like covariance matrices, then the sampler is fine,
but if this warning occurs often then your model may be either severely ill-conditioned or misspecified.

Informational Message: The current Metropolis proposal is about to be rejected because of the following issue:
Exception thrown at line 28: gamma_log: Shape parameter[1] is 0, but must be > 0!
If this warning occurs sporadically, such as for highly constrained variable types like covariance matrices, then the sampler is fine,
but if this warning occurs often then your model may be either severely ill-conditioned or misspecified.

Informational Message: The current Metropolis proposal is about to be rejected because of the following issue:
Exception thrown at line 28: gamma_log: Shape parameter[1] is 0, but must be > 0!
If this warning occurs sporadically, such as for highly constrained variable types like covariance matrices, then the sampler is fine,
but if this warning occurs often then your model may be either severely ill-conditioned or misspecified.

Informational Message: The current Metropolis proposal is about to be rejected because of the following issue:
Exception thrown at line 28: gamma_log: Shape parameter[2] is 0, but must be > 0!
If this warning occurs sporadically, such as for highly constrained variable types like covariance matrices, then the sampler is fine,
but if this warning occurs often then your model may be either severely ill-conditioned or misspecified.

Informational Message: The current Metropolis proposal is about to be rejected because of the following issue:
Exception thrown at line 28: gamma_log: Shape parameter[1] is 0, but must be > 0!
If this warning occurs sporadically, such as for highly constrained variable types like covariance matrices, then the sampler is fine,
but if this warning occurs often then your model may be either severely ill-conditioned or misspecified.

Informational Message: The current Metropolis proposal is about to be rejected because of the following issue:
Exception thrown at line 28: gamma_log: Shape parameter[1] is 0, but must be > 0!
If this warning occurs sporadically, such as for highly constrained variable types like covariance matrices, then the sampler is fine,
but if this warning occurs often then your model may be either severely ill-conditioned or misspecified.

slurmstepd: *** JOB 12640239 ON omega010 CANCELLED AT 2017-04-27T13:08:53 DUE TO TIME LIMIT ***
